#
# There is insufficient memory for the Java Runtime Environment to continue.
# Native memory allocation (mmap) failed to map 4194304 bytes for G1 virtual space
# Possible reasons:
#   The system is out of physical RAM or swap space
#   The process is running with CompressedOops enabled, and the Java Heap may be blocking the growth of the native heap
# Possible solutions:
#   Reduce memory load on the system
#   Increase physical memory or swap space
#   Check if swap backing store is full
#   Decrease Java heap size (-Xmx/-Xms)
#   Decrease number of Java threads
#   Decrease Java thread stack sizes (-Xss)
#   Set larger code cache with -XX:ReservedCodeCacheSize=
#   JVM is running with Zero Based Compressed Oops mode in which the Java heap is
#     placed in the first 32GB address space. The Java Heap base address is the
#     maximum limit for the native heap growth. Please use -XX:HeapBaseMinAddress
#     to set the Java Heap base and to place the Java Heap above 32GB virtual address.
# This output file may be truncated or incomplete.
#
#  Out of Memory Error (os_windows.cpp:3532), pid=3092, tid=2092
#
# JRE version:  (17.0.2+8) (build )
# Java VM: OpenJDK 64-Bit Server VM (17.0.2+8, mixed mode, sharing, tiered, compressed oops, compressed class ptrs, g1 gc, windows-amd64)
# Core dump will be written. Default location: C:\Users\Administrator\Desktop\New folder\hs_err_pid3092.mdmp
#

---------------  S U M M A R Y ------------

Command Line: --add-exports=java.base/sun.security.util=ALL-UNNAMED --add-opens=java.base/java.util.jar=ALL-UNNAMED --add-opens=java.base/java.lang=ALL-UNNAMED -Xmx8G -Xms2G -XX:+UseG1GC -XX:+UnlockExperimentalVMOptions -XX:MaxGCPauseMillis=100 -XX:+DisableExplicitGC -XX:TargetSurvivorRatio=90 -XX:G1NewSizePercent=50 -XX:G1MaxNewSizePercent=80 -XX:G1MixedGCLiveThresholdPercent=35 -XX:+AlwaysPreTouch -XX:+ParallelRefProcEnabled -Dusing.aikars.flags=mcflags.emc.gs mohist.jar launchedWithJava16+

Host: AMD Ryzen 9 3950X 16-Core Processor            , 4 cores, 7G,  Windows Server 2012 R2 , 64 bit Build 9600 (6.3.9600.17056)
Time: Sat Apr 23 09:09:18 2022 Pacific Daylight Time elapsed time: 1.371402 seconds (0d 0h 0m 1s)

---------------  T H R E A D  ---------------

Current thread (0x0000009c90cce040):  JavaThread "Unknown thread" [_thread_in_vm, id=2092, stack(0x0000009c8ec40000,0x0000009c8ed40000)]

Stack: [0x0000009c8ec40000,0x0000009c8ed40000]
Native frames: (J=compiled Java code, j=interpreted, Vv=VM code, C=native code)
V  [jvm.dll+0x67564a]
V  [jvm.dll+0x82fc04]
V  [jvm.dll+0x8313ae]
V  [jvm.dll+0x831a13]
V  [jvm.dll+0x245235]
V  [jvm.dll+0x672539]
V  [jvm.dll+0x666e82]
V  [jvm.dll+0x30401b]
V  [jvm.dll+0x30b566]
V  [jvm.dll+0x35b25d]
V  [jvm.dll+0x35b42f]
V  [jvm.dll+0x2daf58]
V  [jvm.dll+0x2dbec4]
V  [jvm.dll+0x801881]
V  [jvm.dll+0x368f81]
V  [jvm.dll+0x7e0cdc]
V  [jvm.dll+0x3eb8bf]
V  [jvm.dll+0x3ed441]
C  [jli.dll+0x5277]
C  [ucrtbase.DLL+0x1c1ae]
C  [KERNEL32.DLL+0x16ad]
C  [ntdll.dll+0x74629]


---------------  P R O C E S S  ---------------

Threads class SMR info:
_java_thread_list=0x00007ff919c45e98, length=0, elements={
}

Java Threads: ( => current thread )

Other Threads:
  0x0000009c90d42d00 GCTaskThread "GC Thread#0" [stack: 0x0000009c90b00000,0x0000009c90c00000] [id=3960]
  0x0000009c90d6c5b0 GCTaskThread "GC Thread#1" [stack: 0x0000009cbcdb0000,0x0000009cbceb0000] [id=4048]
  0x0000009c90d53cb0 ConcurrentGCThread "G1 Main Marker" [stack: 0x0000009cba770000,0x0000009cba870000] [id=3188]
  0x0000009c90d546c0 ConcurrentGCThread "G1 Conc#0" [stack: 0x0000009cba870000,0x0000009cba970000] [id=1456]

[error occurred during error reporting (printing all threads), id 0xc0000005, EXCEPTION_ACCESS_VIOLATION (0xc0000005) at pc=0x00007ff91941b9d7]

VM state: not at safepoint (not fully initialized)

VM Mutex/Monitor currently owned by a thread:  ([mutex/lock_event])
[0x0000009c8ec3c3f0] Heap_lock - owner thread: 0x0000009c90cce040

Heap address: 0x0000000600000000, size: 8192 MB, Compressed Oops mode: Zero based, Oop shift amount: 3

CDS archive(s) mapped at: [0x0000000000000000-0x0000000000000000-0x0000000000000000), size 0, SharedBaseAddress: 0x0000000800000000, ArchiveRelocationMode: 0.
Narrow klass base: 0x0000000000000000, Narrow klass shift: 0, Narrow klass range: 0x0

GC Precious Log:
<Empty>

Heap:
 garbage-first heap   total 0K, used 0K [0x0000000600000000, 0x0000000800000000)
  region size 4096K, 0 young (0K), 0 survivors (0K)

[error occurred during error reporting (printing heap information), id 0xc0000005, EXCEPTION_ACCESS_VIOLATION (0xc0000005) at pc=0x00007ff9197fe899]

GC Heap History (0 events):
No events

Deoptimization events (0 events):
No events

Classes unloaded (0 events):
No events

Classes redefined (0 events):
No events

Internal exceptions (0 events):
No events

VM Operations (0 events):
No events

Events (1 events):
Event: 0.011 Loaded shared library C:\Program Files\Eclipse Adoptium\jdk-17.0.2.8-hotspot\bin\java.dll


Dynamic libraries:
0x00007ff6115b0000 - 0x00007ff6115be000 	C:\Program Files\Eclipse Adoptium\jdk-17.0.2.8-hotspot\bin\java.exe
0x00007ff930740000 - 0x00007ff9308ea000 	C:\Windows\SYSTEM32\ntdll.dll
0x00007ff930290000 - 0x00007ff9303ca000 	C:\Windows\system32\KERNEL32.DLL
0x00007ff92de60000 - 0x00007ff92df6f000 	C:\Windows\system32\KERNELBASE.dll
0x00007ff91a820000 - 0x00007ff91a838000 	C:\Program Files\Eclipse Adoptium\jdk-17.0.2.8-hotspot\bin\jli.dll
0x00007ff91a800000 - 0x00007ff91a819000 	C:\Program Files\Eclipse Adoptium\jdk-17.0.2.8-hotspot\bin\VCRUNTIME140.dll
0x00007ff919fd0000 - 0x00007ff919fd4000 	C:\Program Files\Eclipse Adoptium\jdk-17.0.2.8-hotspot\bin\api-ms-win-crt-stdio-l1-1-0.dll
0x00007ff919fc0000 - 0x00007ff919fc4000 	C:\Program Files\Eclipse Adoptium\jdk-17.0.2.8-hotspot\bin\api-ms-win-crt-runtime-l1-1-0.dll
0x00007ff919fb0000 - 0x00007ff919fb3000 	C:\Program Files\Eclipse Adoptium\jdk-17.0.2.8-hotspot\bin\api-ms-win-crt-environment-l1-1-0.dll
0x00007ff919fa0000 - 0x00007ff919fa5000 	C:\Program Files\Eclipse Adoptium\jdk-17.0.2.8-hotspot\bin\api-ms-win-crt-math-l1-1-0.dll
0x00007ff919f90000 - 0x00007ff919f93000 	C:\Program Files\Eclipse Adoptium\jdk-17.0.2.8-hotspot\bin\api-ms-win-crt-locale-l1-1-0.dll
0x00007ff919f80000 - 0x00007ff919f83000 	C:\Program Files\Eclipse Adoptium\jdk-17.0.2.8-hotspot\bin\api-ms-win-crt-heap-l1-1-0.dll
0x00007ff92bb80000 - 0x00007ff92bdda000 	C:\Windows\WinSxS\amd64_microsoft.windows.common-controls_6595b64144ccf1df_6.0.9600.17031_none_6242a4b3ecbb55a1\COMCTL32.dll
0x00007ff9305c0000 - 0x00007ff930731000 	C:\Windows\system32\USER32.dll
0x00007ff919f70000 - 0x00007ff919f73000 	C:\Program Files\Eclipse Adoptium\jdk-17.0.2.8-hotspot\bin\api-ms-win-crt-filesystem-l1-1-0.dll
0x00007ff919f60000 - 0x00007ff919f64000 	C:\Program Files\Eclipse Adoptium\jdk-17.0.2.8-hotspot\bin\api-ms-win-crt-string-l1-1-0.dll
0x00007ff919f50000 - 0x00007ff919f54000 	C:\Program Files\Eclipse Adoptium\jdk-17.0.2.8-hotspot\bin\api-ms-win-crt-convert-l1-1-0.dll
0x00007ff92e530000 - 0x00007ff92e5d7000 	C:\Windows\system32\msvcrt.dll
0x00007ff92e5e0000 - 0x00007ff92e725000 	C:\Windows\system32\GDI32.dll
0x00007ff919e50000 - 0x00007ff919f4a000 	C:\Program Files\Eclipse Adoptium\jdk-17.0.2.8-hotspot\bin\ucrtbase.DLL
0x00007ff92fcd0000 - 0x00007ff92fd04000 	C:\Windows\system32\IMM32.DLL
0x00007ff930480000 - 0x00007ff9305b9000 	C:\Windows\system32\MSCTF.dll
0x00007ff919e40000 - 0x00007ff919e4c000 	C:\Program Files\Eclipse Adoptium\jdk-17.0.2.8-hotspot\bin\vcruntime140_1.dll
0x00007ff919da0000 - 0x00007ff919e31000 	C:\Program Files\Eclipse Adoptium\jdk-17.0.2.8-hotspot\bin\msvcp140.dll
0x00007ff919d90000 - 0x00007ff919d93000 	C:\Program Files\Eclipse Adoptium\jdk-17.0.2.8-hotspot\bin\api-ms-win-crt-time-l1-1-0.dll
0x00007ff919d80000 - 0x00007ff919d83000 	C:\Program Files\Eclipse Adoptium\jdk-17.0.2.8-hotspot\bin\api-ms-win-crt-utility-l1-1-0.dll
0x00007ff919130000 - 0x00007ff919d77000 	C:\Program Files\Eclipse Adoptium\jdk-17.0.2.8-hotspot\bin\server\jvm.dll
0x00007ff92dfc0000 - 0x00007ff92e065000 	C:\Windows\system32\ADVAPI32.dll
0x00007ff919120000 - 0x00007ff919129000 	C:\Windows\SYSTEM32\WSOCK32.dll
0x00007ff925430000 - 0x00007ff92544f000 	C:\Windows\SYSTEM32\WINMM.dll
0x00007ff928270000 - 0x00007ff92827a000 	C:\Windows\SYSTEM32\VERSION.dll
0x00007ff9303e0000 - 0x00007ff9303e7000 	C:\Windows\system32\PSAPI.DLL
0x00007ff92fc70000 - 0x00007ff92fcc7000 	C:\Windows\SYSTEM32\sechost.dll
0x00007ff92e3f0000 - 0x00007ff92e526000 	C:\Windows\system32\RPCRT4.dll
0x00007ff92fef0000 - 0x00007ff92ff48000 	C:\Windows\system32\WS2_32.dll
0x00007ff925400000 - 0x00007ff92542a000 	C:\Windows\SYSTEM32\WINMMBASE.dll
0x00007ff92e730000 - 0x00007ff92e739000 	C:\Windows\system32\NSI.dll
0x00007ff92dc30000 - 0x00007ff92dc7a000 	C:\Windows\SYSTEM32\cfgmgr32.dll
0x00007ff92c9c0000 - 0x00007ff92c9e6000 	C:\Windows\SYSTEM32\DEVOBJ.dll
0x00007ff919110000 - 0x00007ff91911a000 	C:\Program Files\Eclipse Adoptium\jdk-17.0.2.8-hotspot\bin\jimage.dll
0x00007ff928280000 - 0x00007ff928408000 	C:\Windows\SYSTEM32\DBGHELP.DLL
0x00007ff9190e0000 - 0x00007ff919105000 	C:\Program Files\Eclipse Adoptium\jdk-17.0.2.8-hotspot\bin\java.dll

dbghelp: loaded successfully - version: 4.0.5 - missing functions: none
symbol engine: initialized successfully - sym options: 0x614 - pdb path: .;C:\Program Files\Eclipse Adoptium\jdk-17.0.2.8-hotspot\bin;C:\Windows\SYSTEM32;C:\Windows\WinSxS\amd64_microsoft.windows.common-controls_6595b64144ccf1df_6.0.9600.17031_none_6242a4b3ecbb55a1;C:\Program Files\Eclipse Adoptium\jdk-17.0.2.8-hotspot\bin\server

VM Arguments:
jvm_args: --add-exports=java.base/sun.security.util=ALL-UNNAMED --add-opens=java.base/java.util.jar=ALL-UNNAMED --add-opens=java.base/java.lang=ALL-UNNAMED -Xmx8G -Xms2G -XX:+UseG1GC -XX:+UnlockExperimentalVMOptions -XX:MaxGCPauseMillis=100 -XX:+DisableExplicitGC -XX:TargetSurvivorRatio=90 -XX:G1NewSizePercent=50 -XX:G1MaxNewSizePercent=80 -XX:G1MixedGCLiveThresholdPercent=35 -XX:+AlwaysPreTouch -XX:+ParallelRefProcEnabled -Dusing.aikars.flags=mcflags.emc.gs 
java_command: mohist.jar launchedWithJava16+
java_class_path (initial): mohist.jar
Launcher Type: SUN_STANDARD

[Global flags]
     bool AlwaysPreTouch                           = true                                      {product} {command line}
     intx CICompilerCount                          = 3                                         {product} {ergonomic}
     uint ConcGCThreads                            = 1                                         {product} {ergonomic}
     bool DisableExplicitGC                        = true                                      {product} {command line}
     uint G1ConcRefinementThreads                  = 4                                         {product} {ergonomic}
     uint G1EagerReclaimRemSetThreshold            = 32                                   {experimental} {ergonomic}
   size_t G1HeapRegionSize                         = 4194304                                   {product} {ergonomic}
    uintx G1MaxNewSizePercent                      = 80                                   {experimental} {command line}
    uintx G1MixedGCLiveThresholdPercent            = 35                                   {experimental} {command line}
    uintx G1NewSizePercent                         = 50                                   {experimental} {command line}
    uintx GCDrainStackTargetSize                   = 64                                        {product} {ergonomic}
   size_t InitialHeapSize                          = 2147483648                                {product} {command line}
   size_t MarkStackSize                            = 4194304                                   {product} {ergonomic}
    uintx MaxGCPauseMillis                         = 100                                       {product} {command line}
   size_t MaxHeapSize                              = 8589934592                                {product} {command line}
   size_t MinHeapDeltaBytes                        = 4194304                                   {product} {ergonomic}
   size_t MinHeapSize                              = 2147483648                                {product} {command line}
    uintx NonNMethodCodeHeapSize                   = 5832780                                {pd product} {ergonomic}
    uintx NonProfiledCodeHeapSize                  = 122912730                              {pd product} {ergonomic}
     bool ParallelRefProcEnabled                   = true                                      {product} {command line}
    uintx ProfiledCodeHeapSize                     = 122912730                              {pd product} {ergonomic}
    uintx ReservedCodeCacheSize                    = 251658240                              {pd product} {ergonomic}
     bool SegmentedCodeCache                       = true                                      {product} {ergonomic}
   size_t SoftMaxHeapSize                          = 8589934592                             {manageable} {ergonomic}
    uintx TargetSurvivorRatio                      = 90                                        {product} {command line}
     bool UnlockExperimentalVMOptions              = true                                 {experimental} {command line}
     bool UseCompressedClassPointers               = true                           {product lp64_product} {ergonomic}
     bool UseCompressedOops                        = true                           {product lp64_product} {ergonomic}
     bool UseG1GC                                  = true                                      {product} {command line}
     bool UseLargePagesIndividualAllocation        = false                                  {pd product} {ergonomic}

Logging:
Log output configuration:
 #0: stdout all=warning uptime,level,tags
 #1: stderr all=off uptime,level,tags

Environment Variables:
PATH=C:\Program Files\Eclipse Adoptium\jdk-17.0.2.8-hotspot\bin;C:\Windows\system32;C:\Windows;C:\Windows\System32\Wbem;C:\Windows\System32\WindowsPowerShell\v1.0\;C:\Program Files\nodejs\;C:\Users\Administrator\AppData\Local\Programs\Microsoft VS Code\bin;C:\Users\Administrator\AppData\Roaming\npm
USERNAME=Administrator
OS=Windows_NT
PROCESSOR_IDENTIFIER=AMD64 Family 23 Model 113 Stepping 0, AuthenticAMD



---------------  S Y S T E M  ---------------

OS:
 Windows Server 2012 R2 , 64 bit Build 9600 (6.3.9600.17056)
OS uptime: 26 days 7:23 hours
VMWare virtualization detected

CPU: total 4 (initial active 4) (1 cores per cpu, 1 threads per core) family 23 model 113 stepping 0 microcode 0x8701021, cx8, cmov, fxsr, mmx, 3dnowpref, sse, sse2, sse3, ssse3, sse4a, sse4.1, sse4.2, popcnt, lzcnt, tsc, tscinvbit, avx, avx2, aes, clmul, bmi1, bmi2, adx, fma, vzeroupper, clflush, hv

Memory: 4k page, system-wide physical 8191M (126M free)
TotalPageFile size 11263M (AvailPageFile size 6M)
current process WorkingSet (physical memory assigned to process): 2136M, peak: 2136M
current process commit charge ("private bytes"): 2175M, peak: 2179M

vm_info: OpenJDK 64-Bit Server VM (17.0.2+8) for windows-amd64 JRE (17.0.2+8), built on Jan 20 2022 04:52:34 by "" with MS VC++ 16.7 (VS2019)

END.
