[02:18:35] [Craft Scheduler Thread - 3636/INFO] [me.NoChance.PvPManager.PvPManager/]: [PvPManager] Checking for updates...
[02:18:35] [Craft Scheduler Thread - 3636/INFO] [me.NoChance.PvPManager.PvPManager/]: [PvPManager] No update found
[04:24:34] [Spigot Watchdog Thread/ERROR] [Minecraft/]: --- DO NOT REPORT THIS TO PAPER - THIS IS NOT A BUG OR A CRASH  - 1.16.5-964 (MC: 1.16.5) ---
[04:24:34] [Spigot Watchdog Thread/ERROR] [Minecraft/]: The server has not responded for 10 seconds! Creating thread dump
[04:24:34] [Spigot Watchdog Thread/ERROR] [Minecraft/]: ------------------------------
[04:24:34] [Spigot Watchdog Thread/ERROR] [Minecraft/]: Server thread dump (Look for plugins here before reporting to Spigot!):
[04:24:34] [Spigot Watchdog Thread/ERROR] [Minecraft/]: ------------------------------
[04:24:34] [Spigot Watchdog Thread/ERROR] [Minecraft/]: Current Thread:Server thread
[04:24:34] [Spigot Watchdog Thread/ERROR] [Minecraft/]: 	PID: 68 | Suspended:false | Native:true | State:RUNNABLE
[04:24:34] [Spigot Watchdog Thread/ERROR] [Minecraft/]: 	Stack:
[04:24:34] [Spigot Watchdog Thread/ERROR] [Minecraft/]: 		java.base@16.0.2/java.io.FileDescriptor.close0(Native Method)
[04:24:34] [Spigot Watchdog Thread/ERROR] [Minecraft/]: 		java.base@16.0.2/java.io.FileDescriptor.close(FileDescriptor.java:297)
[04:24:34] [Spigot Watchdog Thread/ERROR] [Minecraft/]: 		java.base@16.0.2/java.io.FileOutputStream$1.close(FileOutputStream.java:390)
[04:24:34] [Spigot Watchdog Thread/ERROR] [Minecraft/]: 		java.base@16.0.2/java.io.FileDescriptor.closeAll(FileDescriptor.java:355)
[04:24:34] [Spigot Watchdog Thread/ERROR] [Minecraft/]: 		java.base@16.0.2/java.io.FileOutputStream.close(FileOutputStream.java:388)
[04:24:34] [Spigot Watchdog Thread/ERROR] [Minecraft/]: 		java.base@16.0.2/java.util.zip.DeflaterOutputStream.close(DeflaterOutputStream.java:240)
[04:24:34] [Spigot Watchdog Thread/ERROR] [Minecraft/]: 		java.base@16.0.2/java.io.FilterOutputStream.close(FilterOutputStream.java:188)
[04:24:34] [Spigot Watchdog Thread/ERROR] [Minecraft/]: 		java.base@16.0.2/java.io.FilterOutputStream.close(FilterOutputStream.java:188)
[04:24:34] [Spigot Watchdog Thread/ERROR] [Minecraft/]: 		net.minecraft.nbt.CompressedStreamTools.func_74799_a(CompressedStreamTools.java:51)
[04:24:34] [Spigot Watchdog Thread/ERROR] [Minecraft/]: 		net.minecraft.nbt.CompressedStreamTools.func_244264_a(CompressedStreamTools.java:43)
[04:24:34] [Spigot Watchdog Thread/ERROR] [Minecraft/]: 		net.minecraft.world.storage.WorldSavedData.func_215158_a(WorldSavedData.java:48)
[04:24:34] [Spigot Watchdog Thread/ERROR] [Minecraft/]: 		net.minecraft.world.storage.DimensionSavedDataManager.func_212775_b(DimensionSavedDataManager.java:129)
[04:24:34] [Spigot Watchdog Thread/ERROR] [Minecraft/]: 		net.minecraft.world.server.ServerWorld.func_73042_a(ServerWorld.java:948)
[04:24:34] [Spigot Watchdog Thread/ERROR] [Minecraft/]: 		net.minecraft.world.server.ServerWorld.func_217445_a(ServerWorld.java:930)
[04:24:34] [Spigot Watchdog Thread/ERROR] [Minecraft/]: 		net.minecraft.server.MinecraftServer.func_213211_a(MinecraftServer.java:593)
[04:24:34] [Spigot Watchdog Thread/ERROR] [Minecraft/]: 		net.minecraft.server.MinecraftServer.func_71217_p(MinecraftServer.java:1026)
[04:24:34] [Spigot Watchdog Thread/ERROR] [Minecraft/]: 		net.minecraft.server.MinecraftServer.func_240802_v_(MinecraftServer.java:821)
[04:24:34] [Spigot Watchdog Thread/ERROR] [Minecraft/]: 		net.minecraft.server.MinecraftServer.func_240783_a_(MinecraftServer.java:269)
[04:24:34] [Spigot Watchdog Thread/ERROR] [Minecraft/]: 		net.minecraft.server.MinecraftServer$$Lambda$12101/0x00000008025038f0.run(Unknown Source)
[04:24:34] [Spigot Watchdog Thread/ERROR] [Minecraft/]: 		java.base@16.0.2/java.lang.Thread.run(Thread.java:831)
[04:24:34] [Spigot Watchdog Thread/ERROR] [Minecraft/]: ------------------------------
[04:24:34] [Spigot Watchdog Thread/ERROR] [Minecraft/]: --- DO NOT REPORT THIS TO PAPER - THIS IS NOT A BUG OR A CRASH ---
[04:24:34] [Spigot Watchdog Thread/ERROR] [Minecraft/]: ------------------------------
[04:47:31] [Netty Server IO #0/ERROR] [net.minecraftforge.fml.network.NetworkRegistry/NETREGISTRY]: Channels [firstaid:channel,guardvillagers:main,concept4:main_simple_channel,concept0:main_simple_channel,furnish:net,concept8:main_simple_channel,flywheel:network,autoreglib:main,flashnpcs:main,create:network,astikorcarts:main,concept3:main_simple_channel,pollen:login,caelus:main,offhandcombat:main,concept7:main_simple_channel,crafttweaker:main,spartanweaponry:network,sereneseasons:main_channel,kiwi:main,comforts:main,concept2:main_simple_channel,carryon:carryonpackets,personality:net,schoolsofmagic:main,paintings:paintingchannelnetwork,survive:main_simple_channel,configmenusforge:main,abnormals_core:net,concept6:main_simple_channel,nature_expansion:nature_expansion,polymorph:main,spartanshields:network,morecropsbydaleeny:morecropsbydaleeny,selene:network,locksmith:play,concept1:main_simple_channel,supplementaries:network,druidcraft:network,pollen:play,simple-rpc:main,concept9:main_simple_channel,concept5:main_simple_channel,unionlib:main,geckolib3:main] rejected vanilla connections
[04:47:31] [Netty Server IO #0/INFO] [net.minecraftforge.fml.server.ServerLifecycleHooks/SERVERHOOKS]: Disconnecting VANILLA connection attempt: This server has mods that require Forge to be installed on the client. Contact your server admin for more details.
[07:22:58] [Craft Scheduler Thread - 4861/INFO] [me.NoChance.PvPManager.PvPManager/]: [PvPManager] Checking for updates...
[07:22:58] [Craft Scheduler Thread - 4861/INFO] [me.NoChance.PvPManager.PvPManager/]: [PvPManager] No update found
[10:26:01] [Server thread/INFO] [net.minecraft.server.dedicated.DedicatedServer/]: Stopping the server
[10:26:01] [Server thread/INFO] [net.minecraft.server.MinecraftServer/]: Stopping server
[10:26:01] [Server thread/INFO] [com.rylinaux.plugman.PlugMan/]: [PlugManX] Disabling PlugManX v2.3.0
[10:26:02] [Server thread/INFO] [me.NoChance.PvPManager.PvPManager/]: [PvPManager] Disabling PvPManager v3.9.4
[10:26:02] [Server thread/INFO] [org.popcraft.chunkyborder.ChunkyBorderBukkit/]: [ChunkyBorder] Disabling ChunkyBorder v1.0.64
[10:26:02] [Server thread/INFO] [com.sk89q.worldguard.bukkit.WorldGuardPlugin/]: [WorldGuard] Disabling WorldGuard v7.0.5+3827266
[10:26:02] [Server thread/INFO] [com.sk89q.worldguard.WorldGuard/]: [WorldGuard] Shutting down executor and cancelling any pending tasks...
[10:26:02] [Server thread/INFO] [org.popcraft.chunky.ChunkyBukkit/]: [Chunky] Disabling Chunky v1.2.164
[10:26:02] [Server thread/INFO] [com.songoda.ultimatemoderation.UltimateModeration/]: [UltimateModeration] Disabling UltimateModeration v2.0.9
[10:26:02] [Server thread/INFO] [/]:  
[10:26:02] [Server thread/INFO] [/]: =============================
[10:26:02] [Server thread/INFO] [/]: UltimateModeration 2.0.9 by Songoda <3!
[10:26:02] [Server thread/INFO] [/]: Action: Disabling...
[10:26:02] [Server thread/INFO] [/]: =============================
[10:26:02] [Server thread/INFO] [/]:  
[10:26:02] [Server thread/INFO] [com.sk89q.worldedit.bukkit.WorldEditPlugin/]: [WorldEdit] Disabling WorldEdit v7.2.10+1742f98
[10:26:02] [Server thread/INFO] [com.sk89q.worldedit.extension.platform.PlatformManager/]: Unregistering com.sk89q.worldedit.bukkit.BukkitServerInterface from WorldEdit
[10:26:02] [Server thread/INFO] [com.songoda.ultimateclaims.UltimateClaims/]: [UltimateClaims] Disabling UltimateClaims v1.9.0
[10:26:02] [Server thread/INFO] [/]:  
[10:26:02] [Server thread/INFO] [/]: =============================
[10:26:02] [Server thread/INFO] [/]: UltimateClaims 1.9.0 by Songoda <3!
[10:26:02] [Server thread/INFO] [/]: Action: Disabling...
[10:26:02] [Server thread/INFO] [/]: =============================
[10:26:02] [Server thread/INFO] [/]:  
[10:26:02] [Server thread/INFO] [net.skinsrestorer.bukkit.SkinsRestorer/]: [SkinsRestorer] Disabling SkinsRestorer v14.1.15
[10:26:02] [Server thread/INFO] [me.lucko.luckperms.bukkit.loader.BukkitLoaderPlugin/]: [LuckPerms] Disabling LuckPerms v5.4.9
[10:26:02] [Server thread/INFO] [me.lucko.luckperms.bukkit.loader.BukkitLoaderPlugin/]: [LuckPerms] Starting shutdown process...
[10:26:02] [Server thread/INFO] [me.lucko.luckperms.bukkit.loader.BukkitLoaderPlugin/]: [LuckPerms] Closing storage...
[10:26:02] [Server thread/INFO] [me.lucko.luckperms.bukkit.loader.BukkitLoaderPlugin/]: [LuckPerms] Goodbye!
[10:26:02] [Server thread/INFO] [fr.mrtigreroux.tigerreports.TigerReports/]: [TigerReports] Disabling TigerReports v5.0.16
[10:26:02] [Server thread/INFO] [net.minecraft.server.MinecraftServer/]: Saving players
[10:26:02] [Server thread/INFO] [net.minecraft.server.MinecraftServer/]: Saving worlds
[10:26:02] [Server thread/INFO] [net.minecraft.server.MinecraftServer/]: Saving chunks for level 'ServerLevel[world]'/minecraft:overworld
[10:26:10] [Server thread/INFO] [net.minecraft.world.server.ChunkManager/]: ThreadedAnvilChunkStorage (world): All chunks are saved
[10:26:10] [Server thread/INFO] [net.minecraft.server.MinecraftServer/]: Saving chunks for level 'ServerLevel[DIM-1]'/minecraft:the_nether
[10:26:10] [Server thread/INFO] [net.minecraft.world.server.ChunkManager/]: ThreadedAnvilChunkStorage (DIM-1): All chunks are saved
[10:26:10] [Server thread/INFO] [net.minecraft.server.MinecraftServer/]: Saving chunks for level 'ServerLevel[DIM1]'/minecraft:the_end
[10:26:10] [Server thread/INFO] [net.minecraft.world.server.ChunkManager/]: ThreadedAnvilChunkStorage (DIM1): All chunks are saved
